[2018-06-12 15:50:50] 消息服务器启动成功.
[2018-06-12 15:51:07]ID:123用户:小太阳 上线
[2018-06-12 15:51:07]ID:123用户:小太阳 下线
[2018-06-13 01:01:38] 消息服务器启动成功.
[2018-06-13 01:01:49]ID:123用户:小太阳 上线
[2018-06-13 01:01:50]ID:123用户:小太阳 下线
[2018-06-13 01:04:44] 消息服务器启动成功.
[2018-06-13 01:04:56]ID:123用户:小太阳 上线
[2018-06-13 01:07:31]ID:123用户:小太阳 下线
[2018-06-13 01:07:48]ID:123用户:小太阳 上线
[2018-06-13 01:08:00]ID:123用户:小太阳 下线
[2018-06-13 01:10:24]ID:851572095用户:肆意 上线
[2018-06-13 01:10:46]ID:851572095用户:肆意 下线
[2018-06-13 01:25:34]ID:123用户:小太阳 上线
[2018-06-13 01:25:45]ID:123用户:小太阳 下线
[2018-06-13 01:34:34] 消息服务器启动成功.
[2018-06-13 01:34:45]ID:123用户:小太阳 上线
[2018-06-13 01:34:51]ID:123用户:小太阳 下线
[2018-06-13 01:55:25]ID:123用户:小太阳 上线
[2018-06-13 01:55:34]ID:123用户:小太阳 下线
[2018-06-13 01:56:53]ID:123用户:小太阳 上线
[2018-06-13 02:01:32] 消息服务器启动成功.
[2018-06-13 02:01:53]ID:851572095用户:肆意 上线
[2018-06-13 02:03:51]ID:851572095用户:肆意 被强制下线
[2018-06-13 02:03:51]ID:851572095用户:肆意 下线
[2018-06-13 02:03:54]ID:851572095用户:肆意 上线
[2018-06-13 02:04:56]ID:851572095用户:肆意 下线
[2018-06-13 02:05:19] 消息服务器关闭成功.
[2018-06-13 02:05:19] 消息服务器启动成功.
[2018-06-13 02:05:22]ID:123用户:小太阳 上线
[2018-06-13 02:06:26]ID:123用户:小太阳 下线
[2018-06-13 02:06:37]ID:123用户:小太阳 上线
[2018-06-13 02:08:26]ID:123用户:小太阳 下线
[2018-06-13 02:08:43]ID:851572095用户:肆意 上线
[2018-06-13 02:08:51]ID:851572095用户:肆意 下线
[2018-06-13 02:09:32]ID:123用户:小太阳 上线
[2018-06-13 02:30:17]ID:851572095用户:肆意 上线
[2018-06-13 02:31:02]ID:851572095用户:肆意 下线
[2018-06-13 02:31:02]ID:851572095用户:肆意 被强制下线
[2018-06-13 02:31:05]ID:123用户:小太阳 被强制下线
[2018-06-13 02:31:05]ID:123用户:小太阳 下线
[2018-06-13 02:31:21]ID:23551538用户:好的 上线
[2018-06-13 02:31:41]ID:23551538用户:好的 下线
[2018-06-13 02:38:30]ID:123用户:小太阳 上线
[2018-06-13 02:39:39]ID:123用户:小太阳 下线
[2018-06-13 02:39:55]ID:23551538用户:好的 上线
[2018-06-13 02:56:41]ID:23551538用户:好的 下线
[2018-06-13 02:57:07]ID:123用户:小太阳 上线
[2018-06-13 02:57:36]ID:851572095用户:肆意 上线
[2018-06-13 02:58:23]ID:123用户:小太阳 下线
[2018-06-13 02:58:27]ID:851572095用户:肆意 下线
[2018-06-13 09:01:20] 消息服务器启动成功.
[2018-06-13 09:01:29]ID:123用户:小太阳 上线
[2018-06-13 09:01:59]ID:23551538用户:好的 上线
[2018-06-13 09:02:06]ID:123用户:小太阳 下线
[2018-06-13 09:07:59]ID:23551538用户:好的 下线
[2018-06-13 09:08:10] 消息服务器启动成功.
[2018-06-13 09:08:33]ID:23551538用户:好的 上线
[2018-06-13 09:08:46]ID:851572095用户:肆意 上线
[2018-06-13 09:08:56]ID:23551538用户:好的 下线
[2018-06-13 09:10:16]ID:851572095用户:肆意 下线
[2018-06-13 09:20:53]ID:23551538用户:好的 上线
[2018-06-13 09:21:08]ID:851572095用户:肆意 上线
[2018-06-13 09:21:18]ID:23551538用户:好的 下线
[2018-06-13 09:23:04]ID:851572095用户:肆意 下线
[2018-06-13 09:23:36]ID:123用户:小太阳 上线
[2018-06-13 09:23:50]ID:23551538用户:好的 上线
[2018-06-13 09:24:00]ID:23551538用户:好的 下线
[2018-06-13 09:39:26]ID:123用户:小太阳 下线
[2018-06-13 09:39:37]ID:123用户:小太阳 上线
[2018-06-13 09:39:54]ID:23551538用户:好的 上线
[2018-06-13 09:40:01]ID:123用户:小太阳 下线
[2018-06-13 09:41:22]ID:23551538用户:好的 下线
[2018-06-13 09:41:31]ID:123用户:小太阳 上线
[2018-06-13 09:41:46]ID:23551538用户:好的 上线
[2018-06-13 09:41:53]ID:123用户:小太阳 下线
[2018-06-13 09:50:57]ID:23551538用户:好的 下线
[2018-06-13 09:51:08] 消息服务器启动成功.
[2018-06-13 09:51:17]ID:123用户:小太阳 上线
[2018-06-13 09:51:40]ID:23551538用户:好的 上线
[2018-06-13 09:51:54]ID:23551538用户:好的 下线
[2018-06-13 10:01:40]ID:123用户:小太阳 下线
[2018-06-13 10:01:49]ID:123用户:小太阳 上线
[2018-06-13 10:02:03]ID:23551538用户:好的 上线
[2018-06-13 10:02:09]ID:123用户:小太阳 下线
[2018-06-13 10:05:17]ID:23551538用户:好的 下线
[2018-06-13 10:05:25]ID:123用户:小太阳 上线
[2018-06-13 10:05:59]ID:851572095用户:肆意 上线
[2018-06-13 10:08:14]ID:851572095用户:肆意 下线
[2018-06-13 10:08:16]ID:123用户:小太阳 下线
[2018-06-13 10:08:31]ID:851572095用户:肆意 上线
[2018-06-13 10:09:56]ID:851572095用户:肆意 下线
[2018-06-13 10:10:07]ID:123用户:小太阳 上线
[2018-06-13 10:10:39]ID:851572095用户:肆意 上线
[2018-06-13 10:11:10]ID:123用户:小太阳 下线
[2018-06-13 10:11:19]ID:851572095用户:肆意 下线
[2018-06-13 10:12:25]ID:123用户:小太阳 上线
[2018-06-13 10:13:04]ID:123用户:小太阳 下线
[2018-06-13 10:13:11]ID:123用户:小太阳 上线
[2018-06-13 10:13:59]ID:123用户:小太阳 下线
[2018-06-13 10:14:08]ID:123用户:小太阳 上线
[2018-06-13 10:14:13]ID:123用户:小太阳 下线
[2018-06-13 10:18:12]ID:123用户:小太阳 上线
[2018-06-13 10:19:32]ID:123用户:小太阳 下线
[2018-06-13 10:19:40]ID:123用户:小太阳 上线
[2018-06-13 10:20:13]ID:851572095用户:肆意 上线
[2018-06-13 10:20:23]ID:123用户:小太阳 下线
[2018-06-13 10:30:30]ID:851572095用户:肆意 下线
[2018-06-13 10:31:03]ID:123用户:小太阳 上线
[2018-06-13 10:31:15]ID:851572095用户:肆意 上线
[2018-06-13 10:31:31]ID:851572095用户:肆意 下线
[2018-06-13 10:34:37]ID:123用户:小太阳 下线
[2018-06-13 10:34:50]ID:851572095用户:肆意 上线
[2018-06-13 10:34:59]ID:123用户:小太阳 上线
[2018-06-13 10:35:11]ID:123用户:小太阳 下线
[2018-06-13 10:37:06]ID:851572095用户:肆意 下线
[2018-06-13 10:37:18]ID:123用户:小太阳 上线
[2018-06-13 10:37:30]ID:851572095用户:肆意 上线
[2018-06-13 10:38:18]ID:23551538用户:好的 上线
[2018-06-13 10:39:07]ID:23551538用户:好的 下线
[2018-06-13 10:39:08]ID:851572095用户:肆意 下线
[2018-06-13 10:39:10]ID:123用户:小太阳 下线
[2018-06-13 11:02:54] 消息服务器启动成功.
[2018-06-13 11:03:03]ID:123用户:小太阳 上线
[2018-06-13 11:03:17]ID:851572095用户:肆意 上线
[2018-06-13 11:03:55]ID:23551538用户:好的 上线
[2018-06-14 10:05:10] 消息服务器启动成功.
[2018-06-14 10:05:12] 消息服务器关闭成功.
[2018-06-14 10:05:13] 消息服务器启动成功.
[2018-06-14 10:05:19]ID:123用户:小太阳 上线
[2018-06-14 10:07:17]ID:851572095用户:肆意 上线
[2018-06-14 10:13:38]ID:851572095用户:肆意 下线
[2018-06-14 10:13:39]ID:123用户:小太阳 下线
[2018-06-14 10:13:53]ID:123用户:小太阳 上线
[2018-06-14 10:14:19]ID:851572095用户:肆意 上线
[2018-06-15 10:21:06] 消息服务器启动成功.
[2018-06-15 10:21:26]ID:123用户:小太阳 上线
[2018-06-15 10:21:44]ID:851572095用户:肆意 上线
[2018-06-15 10:29:08]ID:123用户:小太阳 下线
[2018-06-15 10:32:59]ID:851572095用户:肆意 下线
[2018-06-15 10:32:59] 消息服务器关闭成功.
[2018-06-15 11:16:06] 消息服务器启动成功.
[2018-06-15 11:16:15]ID:123用户:小太阳 上线
[2018-06-15 11:21:50]ID:123用户:小太阳 下线
[2018-06-15 14:40:15] 消息服务器启动成功.
[2018-06-15 14:40:17]ID:123用户:小太阳 上线
[2018-06-15 14:42:25]ID:851572095用户:肆意 上线
[2018-06-15 14:44:40]ID:23551538用户:好的 上线
[2018-06-15 14:48:57]ID:851572095用户:肆意 下线
[2018-06-15 14:48:59]ID:23551538用户:好的 下线
[2018-06-15 14:49:00]ID:123用户:小太阳 下线
[2018-06-17 00:35:37] 消息服务器启动成功.
[2018-06-17 00:37:00]ID:123用户:小太阳 上线
[2018-06-17 00:37:28]ID:123用户:小太阳 下线
[2018-09-14 08:57:17] 消息服务器启动成功.
[2018-09-14 09:07:00]ID:123用户:小太阳 上线
[2018-09-14 09:07:13]ID:123用户:小太阳 下线
[2018-09-14 09:07:24]ID:123用户:小太阳 上线
[2018-09-14 09:07:36]ID:100用户:李白 上线
[2018-09-14 09:11:48]ID:5555用户:zz 上线
[2018-09-14 09:12:11]ID:5555用户:zz 下线
[2018-09-14 09:12:34]ID:23551538用户:好的 上线
[2018-09-14 09:13:40]ID:100用户:李白 下线
[2018-09-14 09:15:55]ID:100用户:李白 上线
[2018-09-14 09:19:21]ID:100用户:李白 下线
[2018-09-14 09:19:23]ID:23551538用户:好的 下线
[2018-09-14 09:19:25]ID:123用户:小太阳 下线
